[     316ms] [ERROR] Failed to load resource: net::ERR_CERT_AUTHORITY_INVALID @ https://p.typekit.net/p.css?s=1&k=xlq0kly&ht=tk&f=28988&a=82057247&app=typekit&e=css:0
[     381ms] [ERROR] Failed to load resource: net::ERR_CERT_AUTHORITY_INVALID @ https://p.typekit.net/p.css?s=1&k=ogt3gzp&ht=tk&f=28988&a=14841876&app=typekit&e=css:0
[     453ms] [ERROR] Failed to load resource: net::ERR_CERT_AUTHORITY_INVALID @ https://www.googletagmanager.com/gtm.js?id=GTM-5KP998L:0
[     496ms] [ERROR] Failed to load resource: net::ERR_CERT_AUTHORITY_INVALID @ https://www.googletagmanager.com/gtm.js?id=GTM-TT34S8:0
[     559ms] [ERROR] Failed to load resource: net::ERR_CERT_AUTHORITY_INVALID @ https://static.addtoany.com/menu/page.js:0
[     679ms] [ERROR] Loading the script 'https://static.cloudflareinsights.com/beacon.min.js/v833ccba57c9e4d2798f2e76cebdd09a11778172276447' violates the following Content Security Policy directive: "script-src 'self' 'unsafe-inline' 'unsafe-eval' *.google.com *.gstatic.com *.googleapis.com *.google-analytics.com *.googletagmanager.com *.googleadservices.com *.facebook.net *.addtoany.com *.adsrvr.org *.thevoterguide.org *.typekit.net *.rockthevote.com s3.amazonaws.com vote411-dev.s3.amazonaws.com vote411-release.s3.amazonaws.com vote411-stage.s3.amazonaws.com vote411-prod.s3.amazonaws.com ads.undertone.com *.hotjar.com *.cloudflare.com cdn.jsdelivr.net sc-static.net *.snapchat.com *.rlets.com *.simpli.fi *.adtheorent.com ad.theorent.net *.threorent.com *.acsbapp.com acsbapp.com *.openwidget.com". Note that 'script-src-elem' was not explicitly set, so 'script-src' is used as a fallback. The action has been blocked. @ https://www.vote411.org/plan-your-vote:0
[     682ms] [INFO] 🌐 i18next is maintained with support from locize.com — consider powering your project with managed localization (AI, CDN, integrations): https://locize.com 💙 @ https://ballot.thevoterguide.org/v1/index.js:0
[     764ms] [WARNING] As of March 1st, 2025, google.maps.places.AutocompleteService is not available to new customers. Please use google.maps.places.AutocompleteSuggestion instead. At this time, google.maps.places.AutocompleteService is not scheduled to be discontinued, but google.maps.places.AutocompleteSuggestion is recommended over google.maps.places.AutocompleteService. While google.maps.places.AutocompleteService will continue to receive bug fixes for any major regressions, existing bugs in google.maps.places.AutocompleteService will not be addressed. At least 12 months notice will be given before support is discontinued. Please see https://developers.google.com/maps/legacy for additional details and https://developers.google.com/maps/documentation/javascript/places-migration-overview for the migration guide. @ https://maps.googleapis.com/maps-api-v3/api/js/65/2d/places.js:47
[     766ms] [ERROR] Failed to load resource: net::ERR_CERT_AUTHORITY_INVALID @ https://p.typekit.net/p.gif?s=1&k=dud2dgw&ht=tk&h=www.vote411.org&f=28988&a=3562184&js=1.21.0&app=typekit&e=js&_=1780258797480:0
[     852ms] [WARNING] Element with name "gmp-internal-loading-text" already defined. @ https://maps.googleapis.com/maps-api-v3/api/js/65/2d/main.js:216
[     853ms] [WARNING] Element with name "gmp-internal-request-error-text" already defined. @ https://maps.googleapis.com/maps-api-v3/api/js/65/2d/main.js:216
[     853ms] [WARNING] Element with name "gmp-internal-back-button" already defined. @ https://maps.googleapis.com/maps-api-v3/api/js/65/2d/main.js:216
[     853ms] [WARNING] Element with name "gmp-internal-dialog" already defined. @ https://maps.googleapis.com/maps-api-v3/api/js/65/2d/main.js:216
[     853ms] [WARNING] Element with name "gmp-internal-disclosure" already defined. @ https://maps.googleapis.com/maps-api-v3/api/js/65/2d/main.js:216
[     853ms] [WARNING] Element with name "gmp-internal-disclosure-section" already defined. @ https://maps.googleapis.com/maps-api-v3/api/js/65/2d/main.js:216
[     853ms] [WARNING] Element with name "gmp-internal-attribution" already defined. @ https://maps.googleapis.com/maps-api-v3/api/js/65/2d/main.js:216
[     853ms] [WARNING] Element with name "gmp-internal-element-support-verification" already defined. @ https://maps.googleapis.com/maps-api-v3/api/js/65/2d/main.js:216
[     853ms] [ERROR] You have included the Google Maps JavaScript API multiple times on this page. This may cause unexpected errors. @ https://maps.googleapis.com/maps-api-v3/api/js/65/2d/main.js:322
[     858ms] [WARNING] Element with name "gmp-internal-rating" already defined. @ https://maps.googleapis.com/maps-api-v3/api/js/65/2d/main.js:216
[     858ms] [WARNING] Element with name "gmp-place-all-content" already defined. @ https://maps.googleapis.com/maps-api-v3/api/js/65/2d/main.js:216
[     858ms] [WARNING] Element with name "gmp-internal-busyness-histogram" already defined. @ https://maps.googleapis.com/maps-api-v3/api/js/65/2d/main.js:216
[     858ms] [WARNING] Element with name "gmp-internal-selection-button" already defined. @ https://maps.googleapis.com/maps-api-v3/api/js/65/2d/main.js:216
[     858ms] [WARNING] Element with name "gmp-internal-place-busyness" already defined. @ https://maps.googleapis.com/maps-api-v3/api/js/65/2d/main.js:216
[     858ms] [WARNING] Element with name "gmp-internal-link-button" already defined. @ https://maps.googleapis.com/maps-api-v3/api/js/65/2d/main.js:216
[     859ms] [WARNING] Element with name "gmp-internal-menu" already defined. @ https://maps.googleapis.com/maps-api-v3/api/js/65/2d/main.js:216
[     859ms] [WARNING] Element with name "gmp-internal-place-opening-hours" already defined. @ https://maps.googleapis.com/maps-api-v3/api/js/65/2d/main.js:216
[     859ms] [WARNING] Element with name "gmp-internal-place-review" already defined. @ https://maps.googleapis.com/maps-api-v3/api/js/65/2d/main.js:216
[     859ms] [WARNING] Element with name "gmp-internal-tabbed-layout" already defined. @ https://maps.googleapis.com/maps-api-v3/api/js/65/2d/main.js:216
[     859ms] [WARNING] Element with name "gmp-internal-lightbox" already defined. @ https://maps.googleapis.com/maps-api-v3/api/js/65/2d/main.js:216
[     859ms] [WARNING] Element with name "gmp-internal-collage" already defined. @ https://maps.googleapis.com/maps-api-v3/api/js/65/2d/main.js:216
[     859ms] [WARNING] Element with name "gmp-internal-place-rating-summary" already defined. @ https://maps.googleapis.com/maps-api-v3/api/js/65/2d/main.js:216
[     859ms] [WARNING] Element with name "gmp-place-content-config" already defined. @ https://maps.googleapis.com/maps-api-v3/api/js/65/2d/main.js:216
[     859ms] [WARNING] Element with name "gmp-place-standard-content" already defined. @ https://maps.googleapis.com/maps-api-v3/api/js/65/2d/main.js:216
[     859ms] [WARNING] Element with name "gmp-internal-place-transit-line" already defined. @ https://maps.googleapis.com/maps-api-v3/api/js/65/2d/main.js:216
[     859ms] [WARNING] Element with name "gmp-internal-place-transit-type" already defined. @ https://maps.googleapis.com/maps-api-v3/api/js/65/2d/main.js:216
[     859ms] [WARNING] Element with name "gmp-internal-place-transit" already defined. @ https://maps.googleapis.com/maps-api-v3/api/js/65/2d/main.js:216
[     859ms] [WARNING] Element with name "gmp-internal-place-basic-info" already defined. @ https://maps.googleapis.com/maps-api-v3/api/js/65/2d/main.js:216
[     859ms] [WARNING] Element with name "gmp-place-details-location-request" already defined. @ https://maps.googleapis.com/maps-api-v3/api/js/65/2d/main.js:216
[     859ms] [WARNING] Element with name "gmp-place-details-place-request" already defined. @ https://maps.googleapis.com/maps-api-v3/api/js/65/2d/main.js:216
[     859ms] [WARNING] Element with name "gmp-internal-circular-loader" already defined. @ https://maps.googleapis.com/maps-api-v3/api/js/65/2d/main.js:216
[     859ms] [WARNING] Element with name "gmp-place-details-compact" already defined. @ https://maps.googleapis.com/maps-api-v3/api/js/65/2d/main.js:216
[     859ms] [WARNING] Element with name "gmp-place-details" already defined. @ https://maps.googleapis.com/maps-api-v3/api/js/65/2d/main.js:216
[     859ms] [WARNING] Element with name "gmp-internal-use-2d-map-place-details-compact" already defined. @ https://maps.googleapis.com/maps-api-v3/api/js/65/2d/main.js:216
[     859ms] [WARNING] Element with name "gmp-place-media" already defined. @ https://maps.googleapis.com/maps-api-v3/api/js/65/2d/main.js:216
[     860ms] [WARNING] Element with name "gmp-place-address" already defined. @ https://maps.googleapis.com/maps-api-v3/api/js/65/2d/main.js:216
[     860ms] [WARNING] Element with name "gmp-place-rating" already defined. @ https://maps.googleapis.com/maps-api-v3/api/js/65/2d/main.js:216
[     860ms] [WARNING] Element with name "gmp-place-type" already defined. @ https://maps.googleapis.com/maps-api-v3/api/js/65/2d/main.js:216
[     860ms] [WARNING] Element with name "gmp-place-price" already defined. @ https://maps.googleapis.com/maps-api-v3/api/js/65/2d/main.js:216
[     860ms] [WARNING] Element with name "gmp-place-accessible-entrance-icon" already defined. @ https://maps.googleapis.com/maps-api-v3/api/js/65/2d/main.js:216
[     860ms] [WARNING] Element with name "gmp-place-open-now-status" already defined. @ https://maps.googleapis.com/maps-api-v3/api/js/65/2d/main.js:216
[     860ms] [WARNING] Element with name "gmp-place-attribution" already defined. @ https://maps.googleapis.com/maps-api-v3/api/js/65/2d/main.js:216
[     860ms] [WARNING] Element with name "gmp-place-website" already defined. @ https://maps.googleapis.com/maps-api-v3/api/js/65/2d/main.js:216
[     860ms] [WARNING] Element with name "gmp-place-phone-number" already defined. @ https://maps.googleapis.com/maps-api-v3/api/js/65/2d/main.js:216
[     860ms] [WARNING] Element with name "gmp-place-opening-hours" already defined. @ https://maps.googleapis.com/maps-api-v3/api/js/65/2d/main.js:216
[     860ms] [WARNING] Element with name "gmp-place-summary" already defined. @ https://maps.googleapis.com/maps-api-v3/api/js/65/2d/main.js:216
[     860ms] [WARNING] Element with name "gmp-place-type-specific-highlights" already defined. @ https://maps.googleapis.com/maps-api-v3/api/js/65/2d/main.js:216
[     860ms] [WARNING] Element with name "gmp-place-review-summary" already defined. @ https://maps.googleapis.com/maps-api-v3/api/js/65/2d/main.js:216
[     860ms] [WARNING] Element with name "gmp-place-reviews" already defined. @ https://maps.googleapis.com/maps-api-v3/api/js/65/2d/main.js:216
[     860ms] [WARNING] Element with name "gmp-place-plus-code" already defined. @ https://maps.googleapis.com/maps-api-v3/api/js/65/2d/main.js:216
[     860ms] [WARNING] Element with name "gmp-place-feature-list" already defined. @ https://maps.googleapis.com/maps-api-v3/api/js/65/2d/main.js:216
[     860ms] [WARNING] Element with name "gmp-internal-use-place-details-compact" already defined. @ https://maps.googleapis.com/maps-api-v3/api/js/65/2d/main.js:216
[     860ms] [WARNING] Element with name "gmp-internal-place-carousel" already defined. @ https://maps.googleapis.com/maps-api-v3/api/js/65/2d/main.js:216
[     860ms] [WARNING] Element with name "gmp-internal-place-search-list-item" already defined. @ https://maps.googleapis.com/maps-api-v3/api/js/65/2d/main.js:216
[     860ms] [WARNING] Element with name "gmp-place-nearby-search-request" already defined. @ https://maps.googleapis.com/maps-api-v3/api/js/65/2d/main.js:216
[     860ms] [WARNING] Element with name "gmp-place-text-search-request" already defined. @ https://maps.googleapis.com/maps-api-v3/api/js/65/2d/main.js:216
[     860ms] [WARNING] Element with name "gmp-place-search" already defined. @ https://maps.googleapis.com/maps-api-v3/api/js/65/2d/main.js:216
[     861ms] [WARNING] Element with name "gmp-map" already defined. @ https://maps.googleapis.com/maps-api-v3/api/js/65/2d/main.js:216
[     863ms] [WARNING] As of March 1st, 2025, google.maps.places.AutocompleteService is not available to new customers. Please use google.maps.places.AutocompleteSuggestion instead. At this time, google.maps.places.AutocompleteService is not scheduled to be discontinued, but google.maps.places.AutocompleteSuggestion is recommended over google.maps.places.AutocompleteService. While google.maps.places.AutocompleteService will continue to receive bug fixes for any major regressions, existing bugs in google.maps.places.AutocompleteService will not be addressed. At least 12 months notice will be given before support is discontinued. Please see https://developers.google.com/maps/legacy for additional details and https://developers.google.com/maps/documentation/javascript/places-migration-overview for the migration guide. @ https://maps.googleapis.com/maps-api-v3/api/js/65/2d/places.js:47
[     869ms] [WARNING] Element with name "gmp-pin" already defined. @ https://maps.googleapis.com/maps-api-v3/api/js/65/2d/main.js:216
[     872ms] [WARNING] Element with name "gmp-internal-camera-control" already defined. @ https://maps.googleapis.com/maps-api-v3/api/js/65/2d/main.js:216
[     902ms] [ERROR] Failed to load resource: net::ERR_CERT_AUTHORITY_INVALID @ https://www.googletagmanager.com/gtm.js?id=GTM-TT34S8&gtm_auth=&gtm_preview=&gtm_cookies_win=x:0
[    1009ms] [WARNING] As of March 1st, 2025, google.maps.places.AutocompleteService is not available to new customers. Please use google.maps.places.AutocompleteSuggestion instead. At this time, google.maps.places.AutocompleteService is not scheduled to be discontinued, but google.maps.places.AutocompleteSuggestion is recommended over google.maps.places.AutocompleteService. While google.maps.places.AutocompleteService will continue to receive bug fixes for any major regressions, existing bugs in google.maps.places.AutocompleteService will not be addressed. At least 12 months notice will be given before support is discontinued. Please see https://developers.google.com/maps/legacy for additional details and https://developers.google.com/maps/documentation/javascript/places-migration-overview for the migration guide. @ https://maps.googleapis.com/maps-api-v3/api/js/65/2d/places.js:47
[    3699ms] [ERROR] Loading the image 'about:blank' violates the following Content Security Policy directive: "img-src 'self' data: *.google-analytics.com *.googleapis.com *.gstatic.com *.googletagmanager.com *.google.com *.facebook.com *.addtoany.com *.typekit.net vote411-dev.s3.amazonaws.com vote411-release.s3.amazonaws.com vote411-stage.s3.amazonaws.com vote411-prod.s3.amazonaws.com *.doubleclick.net i.ytimg.com ads.undertone.com evt.undertone.com *.hotjar.com *.thevoterguide.org *.snapchat.com *.t.co *.simpli.fi um.simpli.fi www.google.com www.googleadservices.com *.adtheorent.com ad.theorent.net *.theorent.com *.adentifi.com *.rubiconproject.com *.bluekai.com *.crwdcntrl.net *.adnxs.com *.lijit.com *.bfmio.com *.openx.net". The action has been blocked. @ https://www.vote411.org/plan-your-vote:0
